Building DAG of jobs...
Retrieving .snakemake/storage/HTTP/example-files.online-convert.com/document/txt/example.txt from storage.
Using shell: /bin/bash
Provided cores: 1 (use --cores to define parallelism)
Rules claiming more threads will be scaled down.
Job stats:
job         count
--------  -------
all             1
get_file        1
total           2

Select jobs to execute...
Execute 1 jobs...
Retrieving .snakemake/storage/HTTP/example-files.online-convert.com/document/txt/example.txt from storage.

[Thu Apr 25 12:58:40 2024]
localrule get_file:
    input: https://example-files.online-convert.com/document/txt/example.txt (retrieve from storage)
    output: gs://orcestradata/snakemake8_test/results/summary.txt (send to storage)
    jobid: 1
    reason: Missing output files: gs://orcestradata/snakemake8_test/results/summary.txt (send to storage)
    resources: tmpdir=/var/folders/8t/rwh6rzg93jxfqkb63gt2n4940000gn/T

Storing in storage: gs://orcestradata/snakemake8_test/results/summary.txt
Finished upload.
Removing local copy of storage file: .snakemake/storage/HTTP/example-files.online-convert.com/document/txt/example.txt
[Thu Apr 25 12:58:42 2024]
Finished job 1.
1 of 2 steps (50%) done
Select jobs to execute...
Execute 1 jobs...

[Thu Apr 25 12:58:42 2024]
localrule all:
    input: gs://orcestradata/snakemake8_test/results/summary.txt (retrieve from storage)
    jobid: 0
    reason: Input files updated by another job: gs://orcestradata/snakemake8_test/results/summary.txt (retrieve from storage)
    resources: tmpdir=/var/folders/8t/rwh6rzg93jxfqkb63gt2n4940000gn/T

Removing local copy of storage file: .snakemake/storage/gcs/orcestradata/snakemake8_test/results/summary.txt
[Thu Apr 25 12:58:42 2024]
Finished job 0.
2 of 2 steps (100%) done
Complete log: .snakemake/log/2024-04-25T125839.061829.snakemake.log
