Building DAG of jobs...
Retrieving .snakemake/storage/HTTP/example-files.online-convert.com/document/txt/example.txt from storage.
Using shell: /bin/bash
Provided cores: 1 (use --cores to define parallelism)
Rules claiming more threads will be scaled down.
Job stats:
job         count
--------  -------
all             1
get_file        1
total           2

Select jobs to execute...
Execute 1 jobs...
Retrieving .snakemake/storage/HTTP/example-files.online-convert.com/document/txt/example.txt from storage.

[Thu Apr 25 12:54:54 2024]
localrule get_file:
    input: https://example-files.online-convert.com/document/txt/example.txt (retrieve from storage)
    output: results/summary.txt
    jobid: 1
    reason: Missing output files: results/summary.txt
    resources: tmpdir=/var/folders/8t/rwh6rzg93jxfqkb63gt2n4940000gn/T

Removing local copy of storage file: .snakemake/storage/HTTP/example-files.online-convert.com/document/txt/example.txt
[Thu Apr 25 12:54:54 2024]
Finished job 1.
1 of 2 steps (50%) done
Select jobs to execute...
Execute 1 jobs...

[Thu Apr 25 12:54:54 2024]
localrule all:
    input: results/summary.txt
    jobid: 0
    reason: Input files updated by another job: results/summary.txt
    resources: tmpdir=/var/folders/8t/rwh6rzg93jxfqkb63gt2n4940000gn/T

[Thu Apr 25 12:54:54 2024]
Finished job 0.
2 of 2 steps (100%) done
Complete log: .snakemake/log/2024-04-25T125452.711974.snakemake.log
